<?xml version="1.0" encoding="UTF-8"?>
<testsuite xmlns:xsi="http://www.w3.org/2001/XMLSchema-instance" xsi:noNamespaceSchemaLocation="https://maven.apache.org/surefire/maven-surefire-plugin/xsd/surefire-test-report-3.0.xsd" version="3.0" name="com.example.gateway.GatewayToAccountFlowTest" time="11.806" tests="1" errors="0" skipped="0" failures="0">
  <properties>
[...]
</properties>
  <testcase name="gatewayCallsAccountServiceAndUpdatesBalance" classname="com.example.gateway.GatewayToAccountFlowTest" time="11.804">
    <system-out><![CDATA[
  .   ____          _            __ _ _
 /\\ / ___'_ __ _ _(_)_ __  __ _ \ \ \ \
( ( )\___ | '_ | '_| | '_ \/ _` | \ \ \ \
 \\/  ___)| |_)| | | | | || (_| |  ) ) ) )
  '  |____| .__|_| |_|_| |_\__, | / / / /
 =========|_|==============|___/=/_/_/_/

 :: Spring Boot ::                (v3.5.0)

2026-06-05T17:35:42.153-05:00  INFO 16314 --- [           main] o.a.maven.surefire.booter.ForkedBooter   : Starting ForkedBooter v3.2.5 using Java 25.0.2 with PID 16314 (started by menumachines in /home/menumachines/projects/gateway)
2026-06-05T17:35:42.154-05:00  INFO 16314 --- [           main] o.a.maven.surefire.booter.ForkedBooter   : The following 1 profile is active: "test"
2026-06-05T17:35:43.700-05:00  INFO 16314 --- [           main] .s.d.r.c.RepositoryConfigurationDelegate : Bootstrapping Spring Data JPA repositories in DEFAULT mode.
2026-06-05T17:35:43.740-05:00  INFO 16314 --- [           main] .s.d.r.c.RepositoryConfigurationDelegate : Finished Spring Data repository scanning in 33 ms. Found 2 JPA repository interfaces.
2026-06-05T17:35:44.405-05:00  INFO 16314 --- [           main] o.s.b.w.embedded.tomcat.TomcatWebServer  : Tomcat initialized with port 0 (http)
2026-06-05T17:35:44.447-05:00  INFO 16314 --- [           main] o.apache.catalina.core.StandardService   : Starting service [Tomcat]
2026-06-05T17:35:44.449-05:00  INFO 16314 --- [           main] o.apache.catalina.core.StandardEngine    : Starting Servlet engine: [Apache Tomcat/10.1.41]
2026-06-05T17:35:44.570-05:00  INFO 16314 --- [           main] o.a.c.c.C.[Tomcat].[localhost].[/]       : Initializing Spring embedded WebApplicationContext
2026-06-05T17:35:44.571-05:00  INFO 16314 --- [           main] w.s.c.ServletWebServerApplicationContext : Root WebApplicationContext: initialization completed in 2407 ms
2026-06-05T17:35:45.009-05:00  INFO 16314 --- [           main] o.hibernate.jpa.internal.util.LogHelper  : HHH000204: Processing PersistenceUnitInfo [name: default]
2026-06-05T17:35:45.017-05:00  INFO 16314 --- [           main] o.h.c.internal.RegionFactoryInitiator    : HHH000026: Second-level cache disabled
2026-06-05T17:35:45.039-05:00  INFO 16314 --- [           main] o.s.o.j.p.SpringPersistenceUnitInfo      : No LoadTimeWeaver setup: ignoring JPA class transformer
2026-06-05T17:35:45.041-05:00  INFO 16314 --- [           main] com.zaxxer.hikari.HikariDataSource       : HikariPool-2 - Starting...
2026-06-05T17:35:45.046-05:00  INFO 16314 --- [           main] com.zaxxer.hikari.pool.HikariPool        : HikariPool-2 - Added connection conn10: url=jdbc:h2:mem:gatewaydb user=SA
2026-06-05T17:35:45.047-05:00  INFO 16314 --- [           main] com.zaxxer.hikari.HikariDataSource       : HikariPool-2 - Start completed.
2026-06-05T17:35:45.049-05:00  INFO 16314 --- [           main] org.hibernate.orm.connections.pooling    : HHH10001005: Database info:
	Database JDBC URL [Connecting through datasource 'HikariDataSource (HikariPool-2)']
	Database driver: undefined/unknown
	Database version: 2.3.232
	Autocommit mode: undefined/unknown
	Isolation level: undefined/unknown
	Minimum pool size: undefined/unknown
	Maximum pool size: undefined/unknown
2026-06-05T17:35:45.414-05:00  INFO 16314 --- [           main] o.h.e.t.j.p.i.JtaPlatformInitiator       : HHH000489: No JTA platform available (set 'hibernate.transaction.jta.platform' to enable JTA platform integration)
2026-06-05T17:35:45.441-05:00  INFO 16314 --- [           main] j.LocalContainerEntityManagerFactoryBean : Initialized JPA EntityManagerFactory for persistence unit 'default'
2026-06-05T17:35:45.783-05:00  WARN 16314 --- [           main] JpaBaseConfiguration$JpaWebConfiguration : spring.jpa.open-in-view is enabled by default. Therefore, database queries may be performed during view rendering. Explicitly configure spring.jpa.open-in-view to disable this warning
2026-06-05T17:35:46.668-05:00  INFO 16314 --- [           main] o.s.b.a.h2.H2ConsoleAutoConfiguration    : H2 console available at '/h2-console'. Database available at 'jdbc:h2:mem:gatewaydb'
2026-06-05T17:35:46.719-05:00  INFO 16314 --- [           main] o.s.b.a.e.web.EndpointLinksResolver      : Exposing 3 endpoints beneath base path '/actuator'
2026-06-05T17:35:46.954-05:00  INFO 16314 --- [           main] o.s.b.w.embedded.tomcat.TomcatWebServer  : Tomcat started on port 38929 (http) with context path '/'
2026-06-05T17:35:46.978-05:00  INFO 16314 --- [           main] o.a.maven.surefire.booter.ForkedBooter   : Started ForkedBooter in 5.053 seconds (process running for 37.61)

  .   ____          _            __ _ _
 /\\ / ___'_ __ _ _(_)_ __  __ _ \ \ \ \
( ( )\___ | '_ | '_| | '_ \/ _` | \ \ \ \
 \\/  ___)| |_)| | | | | || (_| |  ) ) ) )
  '  |____| .__|_| |_|_| |_\__, | / / / /
 =========|_|==============|___/=/_/_/_/

 :: Spring Boot ::                (v3.5.0)

2026-06-05T17:35:47.129-05:00  INFO 16314 --- [           main] o.a.maven.surefire.booter.ForkedBooter   : Starting ForkedBooter v3.2.5 using Java 25.0.2 with PID 16314 (started by menumachines in /home/menumachines/projects/gateway)
2026-06-05T17:35:47.130-05:00  INFO 16314 --- [           main] o.a.maven.surefire.booter.ForkedBooter   : The following 1 profile is active: "test"
2026-06-05T17:35:48.123-05:00  INFO 16314 --- [           main] .s.d.r.c.RepositoryConfigurationDelegate : Bootstrapping Spring Data JPA repositories in DEFAULT mode.
2026-06-05T17:35:48.145-05:00  INFO 16314 --- [           main] .s.d.r.c.RepositoryConfigurationDelegate : Finished Spring Data repository scanning in 18 ms. Found 1 JPA repository interface.
2026-06-05T17:35:48.333-05:00  INFO 16314 --- [           main] o.s.b.w.embedded.tomcat.TomcatWebServer  : Tomcat initialized with port 0 (http)
2026-06-05T17:35:48.336-05:00  INFO 16314 --- [           main] o.apache.catalina.core.StandardService   : Starting service [Tomcat]
2026-06-05T17:35:48.337-05:00  INFO 16314 --- [           main] o.apache.catalina.core.StandardEngine    : Starting Servlet engine: [Apache Tomcat/10.1.41]
2026-06-05T17:35:48.379-05:00  INFO 16314 --- [           main] o.a.c.c.C.[Tomcat-1].[localhost].[/]     : Initializing Spring embedded WebApplicationContext
2026-06-05T17:35:48.380-05:00  INFO 16314 --- [           main] w.s.c.ServletWebServerApplicationContext : Root WebApplicationContext: initialization completed in 1242 ms
2026-06-05T17:35:48.585-05:00  INFO 16314 --- [           main] o.hibernate.jpa.internal.util.LogHelper  : HHH000204: Processing PersistenceUnitInfo [name: default]
2026-06-05T17:35:48.590-05:00  INFO 16314 --- [           main] o.h.c.internal.RegionFactoryInitiator    : HHH000026: Second-level cache disabled
2026-06-05T17:35:48.611-05:00  INFO 16314 --- [           main] o.s.o.j.p.SpringPersistenceUnitInfo      : No LoadTimeWeaver setup: ignoring JPA class transformer
2026-06-05T17:35:48.614-05:00  INFO 16314 --- [           main] com.zaxxer.hikari.HikariDataSource       : HikariPool-3 - Starting...
2026-06-05T17:35:48.617-05:00  INFO 16314 --- [           main] com.zaxxer.hikari.pool.HikariPool        : HikariPool-3 - Added connection conn20: url=jdbc:h2:mem:gatewaydb user=SA
2026-06-05T17:35:48.617-05:00  INFO 16314 --- [           main] com.zaxxer.hikari.HikariDataSource       : HikariPool-3 - Start completed.
2026-06-05T17:35:48.619-05:00  INFO 16314 --- [           main] org.hibernate.orm.connections.pooling    : HHH10001005: Database info:
	Database JDBC URL [Connecting through datasource 'HikariDataSource (HikariPool-3)']
	Database driver: undefined/unknown
	Database version: 2.3.232
	Autocommit mode: undefined/unknown
	Isolation level: undefined/unknown
	Minimum pool size: undefined/unknown
	Maximum pool size: undefined/unknown
2026-06-05T17:35:48.705-05:00  INFO 16314 --- [           main] o.h.e.t.j.p.i.JtaPlatformInitiator       : HHH000489: No JTA platform available (set 'hibernate.transaction.jta.platform' to enable JTA platform integration)
2026-06-05T17:35:48.712-05:00  INFO 16314 --- [           main] j.LocalContainerEntityManagerFactoryBean : Initialized JPA EntityManagerFactory for persistence unit 'default'
2026-06-05T17:35:48.927-05:00  WARN 16314 --- [           main] JpaBaseConfiguration$JpaWebConfiguration : spring.jpa.open-in-view is enabled by default. Therefore, database queries may be performed during view rendering. Explicitly configure spring.jpa.open-in-view to disable this warning
2026-06-05T17:35:49.296-05:00  INFO 16314 --- [           main] o.s.b.a.h2.H2ConsoleAutoConfiguration    : H2 console available at '/h2-console'. Database available at 'jdbc:h2:mem:gatewaydb'
2026-06-05T17:35:49.334-05:00  INFO 16314 --- [           main] o.s.b.a.e.web.EndpointLinksResolver      : Exposing 3 endpoints beneath base path '/actuator'
2026-06-05T17:35:49.424-05:00  INFO 16314 --- [           main] o.s.b.w.embedded.tomcat.TomcatWebServer  : Tomcat started on port 35411 (http) with context path '/'
2026-06-05T17:35:49.442-05:00  INFO 16314 --- [           main] o.a.maven.surefire.booter.ForkedBooter   : Started ForkedBooter in 2.44 seconds (process running for 40.074)
2026-06-05T17:35:50.634-05:00  INFO 16314 --- [o-auto-2-exec-1] o.a.c.c.C.[Tomcat-1].[localhost].[/]     : Initializing Spring DispatcherServlet 'dispatcherServlet'
2026-06-05T17:35:50.634-05:00  INFO 16314 --- [o-auto-2-exec-1] o.s.web.servlet.DispatcherServlet        : Initializing Servlet 'dispatcherServlet'
2026-06-05T17:35:50.637-05:00  INFO 16314 --- [o-auto-2-exec-1] o.s.web.servlet.DispatcherServlet        : Completed initialization in 2 ms
2026-06-05T17:35:51.065-05:00  INFO 16314 --- [o-auto-1-exec-1] o.a.c.c.C.[Tomcat].[localhost].[/]       : Initializing Spring DispatcherServlet 'dispatcherServlet'
2026-06-05T17:35:51.069-05:00  INFO 16314 --- [o-auto-1-exec-1] o.s.web.servlet.DispatcherServlet        : Initializing Servlet 'dispatcherServlet'
2026-06-05T17:35:51.071-05:00  INFO 16314 --- [o-auto-1-exec-1] o.s.web.servlet.DispatcherServlet        : Completed initialization in 2 ms
2026-06-05T17:35:51.123-05:00  INFO 16314 --- [o-auto-1-exec-1] c.e.a.controller.AccountController       : Applying transaction for account acct-flow traceId=00f191b2-a5bc-47aa-8abd-1b33cf1e6fca
2026-06-05T17:35:51.546-05:00  INFO 16314 --- [           main] o.s.b.w.e.tomcat.GracefulShutdown        : Commencing graceful shutdown. Waiting for active requests to complete
2026-06-05T17:35:51.582-05:00  INFO 16314 --- [tomcat-shutdown] o.s.b.w.e.tomcat.GracefulShutdown        : Graceful shutdown complete
2026-06-05T17:35:53.645-05:00  INFO 16314 --- [           main] j.LocalContainerEntityManagerFactoryBean : Closing JPA EntityManagerFactory for persistence unit 'default'
2026-06-05T17:35:53.652-05:00  INFO 16314 --- [           main] com.zaxxer.hikari.HikariDataSource       : HikariPool-3 - Shutdown initiated...
2026-06-05T17:35:53.662-05:00  INFO 16314 --- [           main] com.zaxxer.hikari.HikariDataSource       : HikariPool-3 - Shutdown completed.
2026-06-05T17:35:53.681-05:00  INFO 16314 --- [           main] o.s.b.w.e.tomcat.GracefulShutdown        : Commencing graceful shutdown. Waiting for active requests to complete
2026-06-05T17:35:53.687-05:00  INFO 16314 --- [tomcat-shutdown] o.s.b.w.e.tomcat.GracefulShutdown        : Graceful shutdown complete
2026-06-05T17:35:53.703-05:00  INFO 16314 --- [           main] j.LocalContainerEntityManagerFactoryBean : Closing JPA EntityManagerFactory for persistence unit 'default'
2026-06-05T17:35:53.705-05:00  INFO 16314 --- [           main] com.zaxxer.hikari.HikariDataSource       : HikariPool-2 - Shutdown initiated...
2026-06-05T17:35:53.707-05:00  INFO 16314 --- [           main] com.zaxxer.hikari.HikariDataSource       : HikariPool-2 - Shutdown completed.
]]></system-out>
  </testcase>
</testsuite>